2023-05-24 20:20:59,173 [INFO] is_available_port: Порт 9090 свободен
2023-05-24 20:20:59,173 [INFO] init_server: Старт сервера, порт: 9090
2023-05-24 20:21:21,223 [INFO] init_server: Подключение клиента ('127.0.0.1', 35478)
2023-05-24 20:22:11,094 [INFO] init_server: Подключение клиента ('127.0.0.1', 35906)
2023-05-24 20:23:13,642 [INFO] is_available_port: Порт 9090 занят
2023-05-24 20:23:13,643 [INFO] main: Порт по умолчанию 9090 занят
2023-05-24 20:23:13,643 [INFO] is_available_port: Порт 9091 свободен
2023-05-24 20:23:13,643 [INFO] init_server: Старт сервера, порт: 9091
2023-05-24 20:23:27,741 [INFO] init_server: Подключение клиента ('127.0.0.1', 57342)
2023-05-24 20:24:08,609 [INFO] init_server: Подключение клиента ('127.0.0.1', 41648)
2023-05-24 20:25:18,059 [INFO] is_available_port: Порт 9090 свободен
2023-05-24 20:25:18,059 [INFO] init_server: Старт сервера, порт: 9090
2023-05-24 20:25:21,897 [INFO] is_available_port: Порт 9090 свободен
2023-05-24 20:25:21,897 [INFO] init_server: Старт сервера, порт: 9090
2023-05-24 20:25:36,764 [INFO] init_server: Подключение клиента ('127.0.0.1', 47792)
2023-05-24 20:28:40,680 [INFO] is_available_port: Порт 9090 занят
2023-05-24 20:28:40,680 [INFO] main: Порт по умолчанию 9090 занят
2023-05-24 20:28:40,680 [INFO] is_available_port: Порт 9091 свободен
2023-05-24 20:28:40,680 [INFO] init_server: Старт сервера, порт: 9091
2023-05-24 20:30:52,521 [INFO] is_available_port: Порт 9090 занят
2023-05-24 20:30:52,521 [INFO] main: Порт по умолчанию 9090 занят
2023-05-24 20:30:52,521 [INFO] is_available_port: Порт 9091 свободен
2023-05-24 20:30:52,521 [INFO] init_server: Старт сервера, порт: 9091
2023-05-24 20:31:15,941 [INFO] is_available_port: Порт 9090 занят
2023-05-24 20:31:15,942 [INFO] main: Порт по умолчанию 9090 занят
2023-05-24 20:31:15,942 [INFO] is_available_port: Порт 9091 свободен
2023-05-24 20:31:15,942 [INFO] init_server: Старт сервера, порт: 9091
2023-05-24 20:36:26,655 [INFO] is_available_port: Порт 9090 занят
2023-05-24 20:36:26,656 [INFO] main: Порт по умолчанию 9090 занят
2023-05-24 20:36:26,656 [INFO] is_available_port: Порт 9091 свободен
2023-05-24 20:36:26,656 [INFO] init_server: Старт сервера, порт: 9091
2023-05-24 20:36:29,767 [INFO] is_available_port: Порт 9090 занят
2023-05-24 20:36:29,767 [INFO] main: Порт по умолчанию 9090 занят
2023-05-24 20:36:29,768 [INFO] is_available_port: Порт 9091 свободен
2023-05-24 20:36:29,768 [INFO] init_server: Старт сервера, порт: 9091
2023-05-24 20:44:24,909 [INFO] is_available_port: Порт 9090 занят
2023-05-24 20:44:24,909 [INFO] main: Порт по умолчанию 9090 занят
2023-05-24 20:44:24,909 [INFO] is_available_port: Порт 9091 свободен
2023-05-24 20:44:24,909 [INFO] init_server: Старт сервера, порт: 9091
2023-05-24 20:47:30,099 [INFO] is_available_port: Порт 9090 занят
2023-05-24 20:47:30,099 [INFO] main: Порт по умолчанию 9090 занят
2023-05-24 20:47:30,099 [INFO] is_available_port: Порт 9091 свободен
2023-05-24 20:47:30,099 [INFO] init_server: Старт сервера, порт: 9091
2023-05-24 20:48:24,426 [INFO] is_available_port: Порт 9090 занят
2023-05-24 20:48:24,427 [INFO] main: Порт по умолчанию 9090 занят
2023-05-24 20:48:24,427 [INFO] is_available_port: Порт 9091 свободен
2023-05-24 20:48:24,427 [INFO] init_server: Старт сервера, порт: 9091
